# JRE version: OpenJDK Runtime Environment Temurin-21.0.10+7 (21.0.10+7) (build 21.0.10+7-LTS)
# Java VM: OpenJDK 64-Bit Server VM Temurin-21.0.10+7 (21.0.10+7-LTS, mixed mode, sharing, tiered, compressed oops, compressed class ptrs, g1 gc, windows-amd64)
GC Precious Log:
 CardTable entry size: 512
 Card Set container configuration: InlinePtr #cards 5 size 8 Array Of Cards #cards 12 size 40 Howl #buckets 4 coarsen threshold 1843 Howl Bitmap #cards 512 size 80 coarsen threshold 460 Card regions per heap region 1 cards per card region 2048
 CPUs: 8 total, 8 available
 Memory: 7975M
 Large Page Support: Disabled
 NUMA Support: Disabled
 Compressed Oops: Enabled (32-bit)
 Heap Region Size: 1M
 Heap Min Capacity: 8M
 Heap Initial Capacity: 126M
 Heap Max Capacity: 2G
 Pre-touch: Disabled
 Parallel Workers: 8
 Concurrent Workers: 2
 Concurrent Refinement Workers: 8
 Periodic GC: Disabled
Heap:
 garbage-first heap   total 229376K, used 158781K [0x0000000080000000, 0x0000000100000000)
  region size 1024K, 61 young (62464K), 7 survivors (7168K)
 Metaspace       used 56430K, committed 58112K, reserved 491520K
  class space    used 8061K, committed 8896K, reserved 425984K
GC Heap History (20 events):
Event: 41.637 GC heap before
{Heap before GC invocations=25 (full 0):
 garbage-first heap   total 215040K, used 175727K [0x0000000080000000, 0x0000000100000000)
  region size 1024K, 102 young (104448K), 4 survivors (4096K)
 Metaspace       used 55968K, committed 57664K, reserved 491520K
  class space    used 8059K, committed 8896K, reserved 425984K
}
Event: 41.640 GC heap after
{Heap after GC invocations=26 (full 0):
 garbage-first heap   total 215040K, used 79219K [0x0000000080000000, 0x0000000100000000)
  region size 1024K, 6 young (6144K), 6 survivors (6144K)
 Metaspace       used 55968K, committed 57664K, reserved 491520K
  class space    used 8059K, committed 8896K, reserved 425984K
}
Event: 41.999 GC heap before
{Heap before GC invocations=26 (full 0):
 garbage-first heap   total 215040K, used 190835K [0x0000000080000000, 0x0000000100000000)
  region size 1024K, 116 young (118784K), 6 survivors (6144K)
 Metaspace       used 56070K, committed 57792K, reserved 491520K
  class space    used 8059K, committed 8896K, reserved 425984K
}
Event: 42.003 GC heap after
{Heap after GC invocations=27 (full 0):
 garbage-first heap   total 215040K, used 82291K [0x0000000080000000, 0x0000000100000000)
  region size 1024K, 9 young (9216K), 9 survivors (9216K)
 Metaspace       used 56070K, committed 57792K, reserved 491520K
  class space    used 8059K, committed 8896K, reserved 425984K
}
Event: 42.255 GC heap before
{Heap before GC invocations=28 (full 0):
 garbage-first heap   total 215040K, used 192883K [0x0000000080000000, 0x0000000100000000)
  region size 1024K, 119 young (121856K), 9 survivors (9216K)
 Metaspace       used 56147K, committed 57856K, reserved 491520K
  class space    used 8059K, committed 8896K, reserved 425984K
}
Event: 42.260 GC heap after
{Heap after GC invocations=29 (full 0):
 garbage-first heap   total 215040K, used 82620K [0x0000000080000000, 0x0000000100000000)
  region size 1024K, 11 young (11264K), 11 survivors (11264K)
 Metaspace       used 56147K, committed 57856K, reserved 491520K
  class space    used 8059K, committed 8896K, reserved 425984K
}
Event: 42.592 GC heap before
{Heap before GC invocations=29 (full 0):
 garbage-first heap   total 215040K, used 197308K [0x0000000080000000, 0x0000000100000000)
  region size 1024K, 123 young (125952K), 11 survivors (11264K)
 Metaspace       used 56218K, committed 57856K, reserved 491520K
  class space    used 8059K, committed 8896K, reserved 425984K
}
Event: 42.599 GC heap after
{Heap after GC invocations=30 (full 0):
 garbage-first heap   total 215040K, used 83561K [0x0000000080000000, 0x0000000100000000)
  region size 1024K, 10 young (10240K), 10 survivors (10240K)
 Metaspace       used 56218K, committed 57856K, reserved 491520K
  class space    used 8059K, committed 8896K, reserved 425984K
}
Event: 43.942 GC heap before
{Heap before GC invocations=30 (full 0):
 garbage-first heap   total 215040K, used 198249K [0x0000000080000000, 0x0000000100000000)
  region size 1024K, 122 young (124928K), 10 survivors (10240K)
 Metaspace       used 56222K, committed 57856K, reserved 491520K
  class space    used 8059K, committed 8896K, reserved 425984K
}
Event: 43.983 GC heap after
{Heap after GC invocations=31 (full 0):
 garbage-first heap   total 215040K, used 85519K [0x0000000080000000, 0x0000000100000000)
  region size 1024K, 9 young (9216K), 9 survivors (9216K)
 Metaspace       used 56222K, committed 57856K, reserved 491520K
  class space    used 8059K, committed 8896K, reserved 425984K
}
Event: 124.066 GC heap before
{Heap before GC invocations=32 (full 0):
 garbage-first heap   total 215040K, used 200207K [0x0000000080000000, 0x0000000100000000)
  region size 1024K, 122 young (124928K), 9 survivors (9216K)
 Metaspace       used 56254K, committed 57984K, reserved 491520K
  class space    used 8059K, committed 8896K, reserved 425984K
}
Event: 125.007 GC heap after
{Heap after GC invocations=33 (full 0):
 garbage-first heap   total 219136K, used 90341K [0x0000000080000000, 0x0000000100000000)
  region size 1024K, 16 young (16384K), 16 survivors (16384K)
 Metaspace       used 56254K, committed 57984K, reserved 491520K
  class space    used 8059K, committed 8896K, reserved 425984K
}
Event: 181.510 GC heap before
{Heap before GC invocations=33 (full 0):
 garbage-first heap   total 219136K, used 202981K [0x0000000080000000, 0x0000000100000000)
  region size 1024K, 124 young (126976K), 16 survivors (16384K)
 Metaspace       used 56290K, committed 57984K, reserved 491520K
  class space    used 8059K, committed 8896K, reserved 425984K
}
Event: 181.684 GC heap after
{Heap after GC invocations=34 (full 0):
 garbage-first heap   total 229376K, used 99328K [0x0000000080000000, 0x0000000100000000)
  region size 1024K, 16 young (16384K), 16 survivors (16384K)
 Metaspace       used 56290K, committed 57984K, reserved 491520K
  class space    used 8059K, committed 8896K, reserved 425984K
}
Event: 181.691 GC heap before
{Heap before GC invocations=34 (full 0):
 garbage-first heap   total 229376K, used 100352K [0x0000000080000000, 0x0000000100000000)
  region size 1024K, 17 young (17408K), 16 survivors (16384K)
 Metaspace       used 56290K, committed 57984K, reserved 491520K
  class space    used 8059K, committed 8896K, reserved 425984K
}
Event: 181.745 GC heap after
{Heap after GC invocations=35 (full 0):
 garbage-first heap   total 229376K, used 101376K [0x0000000080000000, 0x0000000100000000)
  region size 1024K, 2 young (2048K), 2 survivors (2048K)
 Metaspace       used 56290K, committed 57984K, reserved 491520K
  class space    used 8059K, committed 8896K, reserved 425984K
}
Event: 261.263 GC heap before
{Heap before GC invocations=36 (full 0):
 garbage-first heap   total 229376K, used 189440K [0x0000000080000000, 0x0000000100000000)
  region size 1024K, 91 young (93184K), 2 survivors (2048K)
 Metaspace       used 56358K, committed 58048K, reserved 491520K
  class space    used 8059K, committed 8896K, reserved 425984K
}
Event: 261.316 GC heap after
{Heap after GC invocations=37 (full 0):
 garbage-first heap   total 229376K, used 101162K [0x0000000080000000, 0x0000000100000000)
  region size 1024K, 4 young (4096K), 4 survivors (4096K)
 Metaspace       used 56358K, committed 58048K, reserved 491520K
  class space    used 8059K, committed 8896K, reserved 425984K
}
Event: 263.514 GC heap before
{Heap before GC invocations=37 (full 0):
 garbage-first heap   total 229376K, used 208682K [0x0000000080000000, 0x0000000100000000)
  region size 1024K, 109 young (111616K), 4 survivors (4096K)
 Metaspace       used 56393K, committed 58112K, reserved 491520K
  class space    used 8059K, committed 8896K, reserved 425984K
}
Event: 263.559 GC heap after
{Heap after GC invocations=38 (full 0):
 garbage-first heap   total 229376K, used 104509K [0x0000000080000000, 0x0000000100000000)
  region size 1024K, 7 young (7168K), 7 survivors (7168K)
 Metaspace       used 56393K, committed 58112K, reserved 491520K
  class space    used 8059K, committed 8896K, reserved 425984K
}

